# JRE version: Java(TM) SE Runtime Environment (8.0_271-b09) (build 1.8.0_271-b09)
# Java VM: Java HotSpot(TM) 64-Bit Server VM (25.271-b09 mixed mode windows-amd64 compressed oops)
Heap:
 PSYoungGen      total 1188352K, used 43548K [0x000000076af80000, 0x00000007c0000000, 0x00000007c0000000)
  eden space 1154048K, 3% used [0x000000076af80000,0x000000076d957230,0x00000007b1680000)
  from space 34304K, 2% used [0x00000007b1680000,0x00000007b1730000,0x00000007b3800000)
  to   space 33792K, 0% used [0x00000007bdf00000,0x00000007bdf00000,0x00000007c0000000)
 ParOldGen       total 206848K, used 59440K [0x00000006c0e00000, 0x00000006cd800000, 0x000000076af80000)
  object space 206848K, 28% used [0x00000006c0e00000,0x00000006c480c038,0x00000006cd800000)
 Metaspace       used 75517K, capacity 80072K, committed 80128K, reserved 1118208K
  class space    used 10256K, capacity 11006K, committed 11008K, reserved 1048576K
GC Heap History (10 events):
Event: 113.001 GC heap before
{Heap before GC invocations=16 (full 3):
 PSYoungGen      total 705024K, used 681952K [0x000000076af80000, 0x000000079ca00000, 0x00000007c0000000)
  eden space 670720K, 100% used [0x000000076af80000,0x0000000793e80000,0x0000000793e80000)
  from space 34304K, 32% used [0x0000000795f00000,0x00000007969f8080,0x0000000798080000)
  to   space 33280K, 0% used [0x0000000793e80000,0x0000000793e80000,0x0000000795f00000)
 ParOldGen       total 206848K, used 48248K [0x00000006c0e00000, 0x00000006cd800000, 0x000000076af80000)
  object space 206848K, 23% used [0x00000006c0e00000,0x00000006c3d1e308,0x00000006cd800000)
 Metaspace       used 75047K, capacity 79472K, committed 79616K, reserved 1118208K
  class space    used 10208K, capacity 10948K, committed 11008K, reserved 1048576K
Event: 113.008 GC heap after
Heap after GC invocations=16 (full 3):
 PSYoungGen      total 704000K, used 11232K [0x000000076af80000, 0x00000007a5200000, 0x00000007c0000000)
  eden space 670720K, 0% used [0x000000076af80000,0x000000076af80000,0x0000000793e80000)
  from space 33280K, 33% used [0x0000000793e80000,0x0000000794978080,0x0000000795f00000)
  to   space 32768K, 0% used [0x00000007a3200000,0x00000007a3200000,0x00000007a5200000)
 ParOldGen       total 206848K, used 48256K [0x00000006c0e00000, 0x00000006cd800000, 0x000000076af80000)
  object space 206848K, 23% used [0x00000006c0e00000,0x00000006c3d20308,0x00000006cd800000)
 Metaspace       used 75047K, capacity 79472K, committed 79616K, reserved 1118208K
  class space    used 10208K, capacity 10948K, committed 11008K, reserved 1048576K
}
Event: 113.155 GC heap before
{Heap before GC invocations=17 (full 3):
 PSYoungGen      total 704000K, used 681952K [0x000000076af80000, 0x00000007a5200000, 0x00000007c0000000)
  eden space 670720K, 100% used [0x000000076af80000,0x0000000793e80000,0x0000000793e80000)
  from space 33280K, 33% used [0x0000000793e80000,0x0000000794978080,0x0000000795f00000)
  to   space 32768K, 0% used [0x00000007a3200000,0x00000007a3200000,0x00000007a5200000)
 ParOldGen       total 206848K, used 48256K [0x00000006c0e00000, 0x00000006cd800000, 0x000000076af80000)
  object space 206848K, 23% used [0x00000006c0e00000,0x00000006c3d20308,0x00000006cd800000)
 Metaspace       used 75048K, capacity 79472K, committed 79616K, reserved 1118208K
  class space    used 10208K, capacity 10948K, committed 11008K, reserved 1048576K
Event: 113.162 GC heap after
Heap after GC invocations=17 (full 3):
 PSYoungGen      total 919040K, used 192K [0x000000076af80000, 0x00000007a6700000, 0x00000007c0000000)
  eden space 886272K, 0% used [0x000000076af80000,0x000000076af80000,0x00000007a1100000)
  from space 32768K, 0% used [0x00000007a3200000,0x00000007a3230000,0x00000007a5200000)
  to   space 33792K, 0% used [0x00000007a1100000,0x00000007a1100000,0x00000007a3200000)
 ParOldGen       total 206848K, used 59376K [0x00000006c0e00000, 0x00000006cd800000, 0x000000076af80000)
  object space 206848K, 28% used [0x00000006c0e00000,0x00000006c47fc038,0x00000006cd800000)
 Metaspace       used 75048K, capacity 79472K, committed 79616K, reserved 1118208K
  class space    used 10208K, capacity 10948K, committed 11008K, reserved 1048576K
}
Event: 113.428 GC heap before
{Heap before GC invocations=18 (full 3):
 PSYoungGen      total 919040K, used 886464K [0x000000076af80000, 0x00000007a6700000, 0x00000007c0000000)
  eden space 886272K, 100% used [0x000000076af80000,0x00000007a1100000,0x00000007a1100000)
  from space 32768K, 0% used [0x00000007a3200000,0x00000007a3230000,0x00000007a5200000)
  to   space 33792K, 0% used [0x00000007a1100000,0x00000007a1100000,0x00000007a3200000)
 ParOldGen       total 206848K, used 59376K [0x00000006c0e00000, 0x00000006cd800000, 0x000000076af80000)
  object space 206848K, 28% used [0x00000006c0e00000,0x00000006c47fc038,0x00000006cd800000)
 Metaspace       used 75049K, capacity 79472K, committed 79616K, reserved 1118208K
  class space    used 10208K, capacity 10948K, committed 11008K, reserved 1048576K
Event: 113.431 GC heap after
Heap after GC invocations=18 (full 3):
 PSYoungGen      total 920064K, used 64K [0x000000076af80000, 0x00000007b6d00000, 0x00000007c0000000)
  eden space 886272K, 0% used [0x000000076af80000,0x000000076af80000,0x00000007a1100000)
  from space 33792K, 0% used [0x00000007a1100000,0x00000007a1110000,0x00000007a3200000)
  to   space 34304K, 0% used [0x00000007b4b80000,0x00000007b4b80000,0x00000007b6d00000)
 ParOldGen       total 206848K, used 59424K [0x00000006c0e00000, 0x00000006cd800000, 0x000000076af80000)
  object space 206848K, 28% used [0x00000006c0e00000,0x00000006c4808038,0x00000006cd800000)
 Metaspace       used 75049K, capacity 79472K, committed 79616K, reserved 1118208K
  class space    used 10208K, capacity 10948K, committed 11008K, reserved 1048576K
}
Event: 113.661 GC heap before
{Heap before GC invocations=19 (full 3):
 PSYoungGen      total 920064K, used 886336K [0x000000076af80000, 0x00000007b6d00000, 0x00000007c0000000)
  eden space 886272K, 100% used [0x000000076af80000,0x00000007a1100000,0x00000007a1100000)
  from space 33792K, 0% used [0x00000007a1100000,0x00000007a1110000,0x00000007a3200000)
  to   space 34304K, 0% used [0x00000007b4b80000,0x00000007b4b80000,0x00000007b6d00000)
 ParOldGen       total 206848K, used 59424K [0x00000006c0e00000, 0x00000006cd800000, 0x000000076af80000)
  object space 206848K, 28% used [0x00000006c0e00000,0x00000006c4808038,0x00000006cd800000)
 Metaspace       used 75049K, capacity 79472K, committed 79616K, reserved 1118208K
  class space    used 10208K, capacity 10948K, committed 11008K, reserved 1048576K
Event: 113.664 GC heap after
Heap after GC invocations=19 (full 3):
 PSYoungGen      total 1168384K, used 192K [0x000000076af80000, 0x00000007b5980000, 0x00000007c0000000)
  eden space 1154048K, 0% used [0x000000076af80000,0x000000076af80000,0x00000007b1680000)
  from space 14336K, 1% used [0x00000007b4b80000,0x00000007b4bb0000,0x00000007b5980000)
  to   space 34304K, 0% used [0x00000007b1680000,0x00000007b1680000,0x00000007b3800000)
 ParOldGen       total 206848K, used 59432K [0x00000006c0e00000, 0x00000006cd800000, 0x000000076af80000)
  object space 206848K, 28% used [0x00000006c0e00000,0x00000006c480a038,0x00000006cd800000)
 Metaspace       used 75049K, capacity 79472K, committed 79616K, reserved 1118208K
  class space    used 10208K, capacity 10948K, committed 11008K, reserved 1048576K
}
Event: 128.412 GC heap before
{Heap before GC invocations=20 (full 3):
 PSYoungGen      total 1168384K, used 1154240K [0x000000076af80000, 0x00000007b5980000, 0x00000007c0000000)
  eden space 1154048K, 100% used [0x000000076af80000,0x00000007b1680000,0x00000007b1680000)
  from space 14336K, 1% used [0x00000007b4b80000,0x00000007b4bb0000,0x00000007b5980000)
  to   space 34304K, 0% used [0x00000007b1680000,0x00000007b1680000,0x00000007b3800000)
 ParOldGen       total 206848K, used 59432K [0x00000006c0e00000, 0x00000006cd800000, 0x000000076af80000)
  object space 206848K, 28% used [0x00000006c0e00000,0x00000006c480a038,0x00000006cd800000)
 Metaspace       used 75417K, capacity 79938K, committed 80128K, reserved 1118208K
  class space    used 10255K, capacity 11005K, committed 11008K, reserved 1048576K
Event: 128.418 GC heap after
Heap after GC invocations=20 (full 3):
 PSYoungGen      total 1188352K, used 704K [0x000000076af80000, 0x00000007c0000000, 0x00000007c0000000)
  eden space 1154048K, 0% used [0x000000076af80000,0x000000076af80000,0x00000007b1680000)
  from space 34304K, 2% used [0x00000007b1680000,0x00000007b1730000,0x00000007b3800000)
  to   space 33792K, 0% used [0x00000007bdf00000,0x00000007bdf00000,0x00000007c0000000)
 ParOldGen       total 206848K, used 59440K [0x00000006c0e00000, 0x00000006cd800000, 0x000000076af80000)
  object space 206848K, 28% used [0x00000006c0e00000,0x00000006c480c038,0x00000006cd800000)
 Metaspace       used 75417K, capacity 79938K, committed 80128K, reserved 1118208K
  class space    used 10255K, capacity 11005K, committed 11008K, reserved 1048576K
}

