# JRE version: Java(TM) SE Runtime Environment (8.0_271-b09) (build 1.8.0_271-b09)
# Java VM: Java HotSpot(TM) 64-Bit Server VM (25.271-b09 mixed mode windows-amd64 compressed oops)
Heap:
 PSYoungGen      total 1222144K, used 537878K [0x000000076af80000, 0x00000007b8b00000, 0x00000007c0000000)
  eden space 1210368K, 44% used [0x000000076af80000,0x000000078bc8dac8,0x00000007b4d80000)
  from space 11776K, 1% used [0x00000007b7400000,0x00000007b7438000,0x00000007b7f80000)
  to   space 10752K, 0% used [0x00000007b8080000,0x00000007b8080000,0x00000007b8b00000)
 ParOldGen       total 219648K, used 63771K [0x00000006c0e00000, 0x00000006ce480000, 0x000000076af80000)
  object space 219648K, 29% used [0x00000006c0e00000,0x00000006c4c46fc8,0x00000006ce480000)
 Metaspace       used 76483K, capacity 81108K, committed 81280K, reserved 1120256K
  class space    used 10275K, capacity 11062K, committed 11136K, reserved 1048576K
GC Heap History (10 events):
Event: 2679.179 GC heap before
{Heap before GC invocations=44 (full 3):
 PSYoungGen      total 903168K, used 902752K [0x000000076af80000, 0x00000007ba380000, 0x00000007c0000000)
  eden space 902656K, 100% used [0x000000076af80000,0x00000007a2100000,0x00000007a2100000)
  from space 512K, 18% used [0x00000007ba300000,0x00000007ba318000,0x00000007ba380000)
  to   space 14848K, 0% used [0x00000007b8680000,0x00000007b8680000,0x00000007b9500000)
 ParOldGen       total 219648K, used 63691K [0x00000006c0e00000, 0x00000006ce480000, 0x000000076af80000)
  object space 219648K, 28% used [0x00000006c0e00000,0x00000006c4c32fc8,0x00000006ce480000)
 Metaspace       used 76469K, capacity 81108K, committed 81280K, reserved 1120256K
  class space    used 10274K, capacity 11062K, committed 11136K, reserved 1048576K
Event: 2679.181 GC heap after
Heap after GC invocations=44 (full 3):
 PSYoungGen      total 970752K, used 192K [0x000000076af80000, 0x00000007ba380000, 0x00000007c0000000)
  eden space 955904K, 0% used [0x000000076af80000,0x000000076af80000,0x00000007a5500000)
  from space 14848K, 1% used [0x00000007b8680000,0x00000007b86b0000,0x00000007b9500000)
  to   space 13824K, 0% used [0x00000007b9600000,0x00000007b9600000,0x00000007ba380000)
 ParOldGen       total 219648K, used 63699K [0x00000006c0e00000, 0x00000006ce480000, 0x000000076af80000)
  object space 219648K, 29% used [0x00000006c0e00000,0x00000006c4c34fc8,0x00000006ce480000)
 Metaspace       used 76469K, capacity 81108K, committed 81280K, reserved 1120256K
  class space    used 10274K, capacity 11062K, committed 11136K, reserved 1048576K
}
Event: 2679.405 GC heap before
{Heap before GC invocations=45 (full 3):
 PSYoungGen      total 970752K, used 956096K [0x000000076af80000, 0x00000007ba380000, 0x00000007c0000000)
  eden space 955904K, 100% used [0x000000076af80000,0x00000007a5500000,0x00000007a5500000)
  from space 14848K, 1% used [0x00000007b8680000,0x00000007b86b0000,0x00000007b9500000)
  to   space 13824K, 0% used [0x00000007b9600000,0x00000007b9600000,0x00000007ba380000)
 ParOldGen       total 219648K, used 63699K [0x00000006c0e00000, 0x00000006ce480000, 0x000000076af80000)
  object space 219648K, 29% used [0x00000006c0e00000,0x00000006c4c34fc8,0x00000006ce480000)
 Metaspace       used 76471K, capacity 81108K, committed 81280K, reserved 1120256K
  class space    used 10274K, capacity 11062K, committed 11136K, reserved 1048576K
Event: 2679.409 GC heap after
Heap after GC invocations=45 (full 3):
 PSYoungGen      total 1015296K, used 128K [0x000000076af80000, 0x00000007b9680000, 0x00000007c0000000)
  eden space 1014784K, 0% used [0x000000076af80000,0x000000076af80000,0x00000007a8e80000)
  from space 512K, 25% used [0x00000007b9600000,0x00000007b9620000,0x00000007b9680000)
  to   space 13312K, 0% used [0x00000007b7c80000,0x00000007b7c80000,0x00000007b8980000)
 ParOldGen       total 219648K, used 63707K [0x00000006c0e00000, 0x00000006ce480000, 0x000000076af80000)
  object space 219648K, 29% used [0x00000006c0e00000,0x00000006c4c36fc8,0x00000006ce480000)
 Metaspace       used 76471K, capacity 81108K, committed 81280K, reserved 1120256K
  class space    used 10274K, capacity 11062K, committed 11136K, reserved 1048576K
}
Event: 2679.648 GC heap before
{Heap before GC invocations=46 (full 3):
 PSYoungGen      total 1015296K, used 1014912K [0x000000076af80000, 0x00000007b9680000, 0x00000007c0000000)
  eden space 1014784K, 100% used [0x000000076af80000,0x00000007a8e80000,0x00000007a8e80000)
  from space 512K, 25% used [0x00000007b9600000,0x00000007b9620000,0x00000007b9680000)
  to   space 13312K, 0% used [0x00000007b7c80000,0x00000007b7c80000,0x00000007b8980000)
 ParOldGen       total 219648K, used 63707K [0x00000006c0e00000, 0x00000006ce480000, 0x000000076af80000)
  object space 219648K, 29% used [0x00000006c0e00000,0x00000006c4c36fc8,0x00000006ce480000)
 Metaspace       used 76471K, capacity 81108K, committed 81280K, reserved 1120256K
  class space    used 10274K, capacity 11062K, committed 11136K, reserved 1048576K
Event: 2679.651 GC heap after
Heap after GC invocations=46 (full 3):
 PSYoungGen      total 1090048K, used 160K [0x000000076af80000, 0x00000007b9680000, 0x00000007c0000000)
  eden space 1076736K, 0% used [0x000000076af80000,0x000000076af80000,0x00000007acb00000)
  from space 13312K, 1% used [0x00000007b7c80000,0x00000007b7ca8000,0x00000007b8980000)
  to   space 12288K, 0% used [0x00000007b8a80000,0x00000007b8a80000,0x00000007b9680000)
 ParOldGen       total 219648K, used 63715K [0x00000006c0e00000, 0x00000006ce480000, 0x000000076af80000)
  object space 219648K, 29% used [0x00000006c0e00000,0x00000006c4c38fc8,0x00000006ce480000)
 Metaspace       used 76471K, capacity 81108K, committed 81280K, reserved 1120256K
  class space    used 10274K, capacity 11062K, committed 11136K, reserved 1048576K
}
Event: 2679.896 GC heap before
{Heap before GC invocations=47 (full 3):
 PSYoungGen      total 1090048K, used 1076896K [0x000000076af80000, 0x00000007b9680000, 0x00000007c0000000)
  eden space 1076736K, 100% used [0x000000076af80000,0x00000007acb00000,0x00000007acb00000)
  from space 13312K, 1% used [0x00000007b7c80000,0x00000007b7ca8000,0x00000007b8980000)
  to   space 12288K, 0% used [0x00000007b8a80000,0x00000007b8a80000,0x00000007b9680000)
 ParOldGen       total 219648K, used 63715K [0x00000006c0e00000, 0x00000006ce480000, 0x000000076af80000)
  object space 219648K, 29% used [0x00000006c0e00000,0x00000006c4c38fc8,0x00000006ce480000)
 Metaspace       used 76471K, capacity 81108K, committed 81280K, reserved 1120256K
  class space    used 10274K, capacity 11062K, committed 11136K, reserved 1048576K
Event: 2679.899 GC heap after
Heap after GC invocations=47 (full 3):
 PSYoungGen      total 1141760K, used 160K [0x000000076af80000, 0x00000007b8b00000, 0x00000007c0000000)
  eden space 1141248K, 0% used [0x000000076af80000,0x000000076af80000,0x00000007b0a00000)
  from space 512K, 31% used [0x00000007b8a80000,0x00000007b8aa8000,0x00000007b8b00000)
  to   space 11776K, 0% used [0x00000007b7400000,0x00000007b7400000,0x00000007b7f80000)
 ParOldGen       total 219648K, used 63723K [0x00000006c0e00000, 0x00000006ce480000, 0x000000076af80000)
  object space 219648K, 29% used [0x00000006c0e00000,0x00000006c4c3afc8,0x00000006ce480000)
 Metaspace       used 76471K, capacity 81108K, committed 81280K, reserved 1120256K
  class space    used 10274K, capacity 11062K, committed 11136K, reserved 1048576K
}
Event: 2680.160 GC heap before
{Heap before GC invocations=48 (full 3):
 PSYoungGen      total 1141760K, used 1141408K [0x000000076af80000, 0x00000007b8b00000, 0x00000007c0000000)
  eden space 1141248K, 100% used [0x000000076af80000,0x00000007b0a00000,0x00000007b0a00000)
  from space 512K, 31% used [0x00000007b8a80000,0x00000007b8aa8000,0x00000007b8b00000)
  to   space 11776K, 0% used [0x00000007b7400000,0x00000007b7400000,0x00000007b7f80000)
 ParOldGen       total 219648K, used 63723K [0x00000006c0e00000, 0x00000006ce480000, 0x000000076af80000)
  object space 219648K, 29% used [0x00000006c0e00000,0x00000006c4c3afc8,0x00000006ce480000)
 Metaspace       used 76471K, capacity 81108K, committed 81280K, reserved 1120256K
  class space    used 10274K, capacity 11062K, committed 11136K, reserved 1048576K
Event: 2680.163 GC heap after
Heap after GC invocations=48 (full 3):
 PSYoungGen      total 1222144K, used 224K [0x000000076af80000, 0x00000007b8b00000, 0x00000007c0000000)
  eden space 1210368K, 0% used [0x000000076af80000,0x000000076af80000,0x00000007b4d80000)
  from space 11776K, 1% used [0x00000007b7400000,0x00000007b7438000,0x00000007b7f80000)
  to   space 10752K, 0% used [0x00000007b8080000,0x00000007b8080000,0x00000007b8b00000)
 ParOldGen       total 219648K, used 63771K [0x00000006c0e00000, 0x00000006ce480000, 0x000000076af80000)
  object space 219648K, 29% used [0x00000006c0e00000,0x00000006c4c46fc8,0x00000006ce480000)
 Metaspace       used 76471K, capacity 81108K, committed 81280K, reserved 1120256K
  class space    used 10274K, capacity 11062K, committed 11136K, reserved 1048576K
}

