# JRE version: Java(TM) SE Runtime Environment (8.0_271-b09) (build 1.8.0_271-b09)
# Java VM: Java HotSpot(TM) 64-Bit Server VM (25.271-b09 mixed mode windows-amd64 compressed oops)
Heap:
 PSYoungGen      total 1385472K, used 1219428K [0x000000076af80000, 0x00000007bfe80000, 0x00000007c0000000)
  eden space 1381376K, 88% used [0x000000076af80000,0x00000007b5629140,0x00000007bf480000)
  from space 4096K, 4% used [0x00000007bfa80000,0x00000007bfab0000,0x00000007bfe80000)
  to   space 5120K, 0% used [0x00000007bf480000,0x00000007bf480000,0x00000007bf980000)
 ParOldGen       total 220160K, used 59216K [0x00000006c0e00000, 0x00000006ce500000, 0x000000076af80000)
  object space 220160K, 26% used [0x00000006c0e00000,0x00000006c47d4168,0x00000006ce500000)
 Metaspace       used 74354K, capacity 78732K, committed 78976K, reserved 1118208K
  class space    used 10134K, capacity 10880K, committed 10880K, reserved 1048576K
GC Heap History (10 events):
Event: 60.222 GC heap before
{Heap before GC invocations=49 (full 3):
 PSYoungGen      total 1383424K, used 1375424K [0x000000076af80000, 0x00000007c0000000, 0x00000007c0000000)
  eden space 1375232K, 100% used [0x000000076af80000,0x00000007bee80000,0x00000007bee80000)
  from space 8192K, 2% used [0x00000007bee80000,0x00000007beeb0000,0x00000007bf680000)
  to   space 7680K, 0% used [0x00000007bf880000,0x00000007bf880000,0x00000007c0000000)
 ParOldGen       total 220160K, used 59208K [0x00000006c0e00000, 0x00000006ce500000, 0x000000076af80000)
  object space 220160K, 26% used [0x00000006c0e00000,0x00000006c47d2168,0x00000006ce500000)
 Metaspace       used 74330K, capacity 78732K, committed 78976K, reserved 1118208K
  class space    used 10133K, capacity 10880K, committed 10880K, reserved 1048576K
Event: 60.225 GC heap after
Heap after GC invocations=49 (full 3):
 PSYoungGen      total 1383424K, used 128K [0x000000076af80000, 0x00000007bfe80000, 0x00000007c0000000)
  eden space 1377280K, 0% used [0x000000076af80000,0x000000076af80000,0x00000007bf080000)
  from space 6144K, 2% used [0x00000007bf880000,0x00000007bf8a0000,0x00000007bfe80000)
  to   space 7168K, 0% used [0x00000007bf080000,0x00000007bf080000,0x00000007bf780000)
 ParOldGen       total 220160K, used 59216K [0x00000006c0e00000, 0x00000006ce500000, 0x000000076af80000)
  object space 220160K, 26% used [0x00000006c0e00000,0x00000006c47d4168,0x00000006ce500000)
 Metaspace       used 74330K, capacity 78732K, committed 78976K, reserved 1118208K
  class space    used 10133K, capacity 10880K, committed 10880K, reserved 1048576K
}
Event: 60.544 GC heap before
{Heap before GC invocations=50 (full 3):
 PSYoungGen      total 1383424K, used 1377408K [0x000000076af80000, 0x00000007bfe80000, 0x00000007c0000000)
  eden space 1377280K, 100% used [0x000000076af80000,0x00000007bf080000,0x00000007bf080000)
  from space 6144K, 2% used [0x00000007bf880000,0x00000007bf8a0000,0x00000007bfe80000)
  to   space 7168K, 0% used [0x00000007bf080000,0x00000007bf080000,0x00000007bf780000)
 ParOldGen       total 220160K, used 59216K [0x00000006c0e00000, 0x00000006ce500000, 0x000000076af80000)
  object space 220160K, 26% used [0x00000006c0e00000,0x00000006c47d4168,0x00000006ce500000)
 Metaspace       used 74330K, capacity 78732K, committed 78976K, reserved 1118208K
  class space    used 10133K, capacity 10880K, committed 10880K, reserved 1048576K
Event: 60.547 GC heap after
Heap after GC invocations=50 (full 3):
 PSYoungGen      total 1384448K, used 256K [0x000000076af80000, 0x00000007c0000000, 0x00000007c0000000)
  eden space 1377280K, 0% used [0x000000076af80000,0x000000076af80000,0x00000007bf080000)
  from space 7168K, 3% used [0x00000007bf080000,0x00000007bf0c0000,0x00000007bf780000)
  to   space 6656K, 0% used [0x00000007bf980000,0x00000007bf980000,0x00000007c0000000)
 ParOldGen       total 220160K, used 59216K [0x00000006c0e00000, 0x00000006ce500000, 0x000000076af80000)
  object space 220160K, 26% used [0x00000006c0e00000,0x00000006c47d4168,0x00000006ce500000)
 Metaspace       used 74330K, capacity 78732K, committed 78976K, reserved 1118208K
  class space    used 10133K, capacity 10880K, committed 10880K, reserved 1048576K
}
Event: 60.883 GC heap before
{Heap before GC invocations=51 (full 3):
 PSYoungGen      total 1384448K, used 1377536K [0x000000076af80000, 0x00000007c0000000, 0x00000007c0000000)
  eden space 1377280K, 100% used [0x000000076af80000,0x00000007bf080000,0x00000007bf080000)
  from space 7168K, 3% used [0x00000007bf080000,0x00000007bf0c0000,0x00000007bf780000)
  to   space 6656K, 0% used [0x00000007bf980000,0x00000007bf980000,0x00000007c0000000)
 ParOldGen       total 220160K, used 59216K [0x00000006c0e00000, 0x00000006ce500000, 0x000000076af80000)
  object space 220160K, 26% used [0x00000006c0e00000,0x00000006c47d4168,0x00000006ce500000)
 Metaspace       used 74330K, capacity 78732K, committed 78976K, reserved 1118208K
  class space    used 10133K, capacity 10880K, committed 10880K, reserved 1048576K
Event: 60.886 GC heap after
Heap after GC invocations=51 (full 3):
 PSYoungGen      total 1384448K, used 192K [0x000000076af80000, 0x00000007bfe80000, 0x00000007c0000000)
  eden space 1379328K, 0% used [0x000000076af80000,0x000000076af80000,0x00000007bf280000)
  from space 5120K, 3% used [0x00000007bf980000,0x00000007bf9b0000,0x00000007bfe80000)
  to   space 6144K, 0% used [0x00000007bf280000,0x00000007bf280000,0x00000007bf880000)
 ParOldGen       total 220160K, used 59216K [0x00000006c0e00000, 0x00000006ce500000, 0x000000076af80000)
  object space 220160K, 26% used [0x00000006c0e00000,0x00000006c47d4168,0x00000006ce500000)
 Metaspace       used 74330K, capacity 78732K, committed 78976K, reserved 1118208K
  class space    used 10133K, capacity 10880K, committed 10880K, reserved 1048576K
}
Event: 61.256 GC heap before
{Heap before GC invocations=52 (full 3):
 PSYoungGen      total 1384448K, used 1379520K [0x000000076af80000, 0x00000007bfe80000, 0x00000007c0000000)
  eden space 1379328K, 100% used [0x000000076af80000,0x00000007bf280000,0x00000007bf280000)
  from space 5120K, 3% used [0x00000007bf980000,0x00000007bf9b0000,0x00000007bfe80000)
  to   space 6144K, 0% used [0x00000007bf280000,0x00000007bf280000,0x00000007bf880000)
 ParOldGen       total 220160K, used 59216K [0x00000006c0e00000, 0x00000006ce500000, 0x000000076af80000)
  object space 220160K, 26% used [0x00000006c0e00000,0x00000006c47d4168,0x00000006ce500000)
 Metaspace       used 74330K, capacity 78732K, committed 78976K, reserved 1118208K
  class space    used 10133K, capacity 10880K, committed 10880K, reserved 1048576K
Event: 61.259 GC heap after
Heap after GC invocations=52 (full 3):
 PSYoungGen      total 1385472K, used 192K [0x000000076af80000, 0x00000007c0000000, 0x00000007c0000000)
  eden space 1379328K, 0% used [0x000000076af80000,0x000000076af80000,0x00000007bf280000)
  from space 6144K, 3% used [0x00000007bf280000,0x00000007bf2b0000,0x00000007bf880000)
  to   space 5632K, 0% used [0x00000007bfa80000,0x00000007bfa80000,0x00000007c0000000)
 ParOldGen       total 220160K, used 59216K [0x00000006c0e00000, 0x00000006ce500000, 0x000000076af80000)
  object space 220160K, 26% used [0x00000006c0e00000,0x00000006c47d4168,0x00000006ce500000)
 Metaspace       used 74330K, capacity 78732K, committed 78976K, reserved 1118208K
  class space    used 10133K, capacity 10880K, committed 10880K, reserved 1048576K
}
Event: 61.633 GC heap before
{Heap before GC invocations=53 (full 3):
 PSYoungGen      total 1385472K, used 1379520K [0x000000076af80000, 0x00000007c0000000, 0x00000007c0000000)
  eden space 1379328K, 100% used [0x000000076af80000,0x00000007bf280000,0x00000007bf280000)
  from space 6144K, 3% used [0x00000007bf280000,0x00000007bf2b0000,0x00000007bf880000)
  to   space 5632K, 0% used [0x00000007bfa80000,0x00000007bfa80000,0x00000007c0000000)
 ParOldGen       total 220160K, used 59216K [0x00000006c0e00000, 0x00000006ce500000, 0x000000076af80000)
  object space 220160K, 26% used [0x00000006c0e00000,0x00000006c47d4168,0x00000006ce500000)
 Metaspace       used 74330K, capacity 78732K, committed 78976K, reserved 1118208K
  class space    used 10133K, capacity 10880K, committed 10880K, reserved 1048576K
Event: 61.636 GC heap after
Heap after GC invocations=53 (full 3):
 PSYoungGen      total 1385472K, used 192K [0x000000076af80000, 0x00000007bfe80000, 0x00000007c0000000)
  eden space 1381376K, 0% used [0x000000076af80000,0x000000076af80000,0x00000007bf480000)
  from space 4096K, 4% used [0x00000007bfa80000,0x00000007bfab0000,0x00000007bfe80000)
  to   space 5120K, 0% used [0x00000007bf480000,0x00000007bf480000,0x00000007bf980000)
 ParOldGen       total 220160K, used 59216K [0x00000006c0e00000, 0x00000006ce500000, 0x000000076af80000)
  object space 220160K, 26% used [0x00000006c0e00000,0x00000006c47d4168,0x00000006ce500000)
 Metaspace       used 74330K, capacity 78732K, committed 78976K, reserved 1118208K
  class space    used 10133K, capacity 10880K, committed 10880K, reserved 1048576K
}

