# JRE version: Java(TM) SE Runtime Environment (8.0_271-b09) (build 1.8.0_271-b09)
# Java VM: Java HotSpot(TM) 64-Bit Server VM (25.271-b09 mixed mode windows-amd64 compressed oops)
Heap:
 PSYoungGen      total 584192K, used 341197K [0x000000076af80000, 0x0000000793380000, 0x00000007c0000000)
  eden space 555008K, 56% used [0x000000076af80000,0x000000077e082de8,0x000000078cd80000)
  from space 29184K, 98% used [0x0000000791700000,0x0000000793330710,0x0000000793380000)
  to   space 35328K, 0% used [0x000000078ee80000,0x000000078ee80000,0x0000000791100000)
 ParOldGen       total 202240K, used 48683K [0x00000006c0e00000, 0x00000006cd380000, 0x000000076af80000)
  object space 202240K, 24% used [0x00000006c0e00000,0x00000006c3d8ae70,0x00000006cd380000)
 Metaspace       used 74446K, capacity 78890K, committed 79104K, reserved 1118208K
  class space    used 10174K, capacity 10949K, committed 11008K, reserved 1048576K
GC Heap History (10 events):
Event: 6.517 GC heap before
{Heap before GC invocations=9 (full 1):
 PSYoungGen      total 285184K, used 191930K [0x000000076af80000, 0x0000000789700000, 0x00000007c0000000)
  eden space 260608K, 66% used [0x000000076af80000,0x00000007758bf488,0x000000077ae00000)
  from space 24576K, 75% used [0x000000077ae00000,0x000000077c02f580,0x000000077c600000)
  to   space 26112K, 0% used [0x0000000787d80000,0x0000000787d80000,0x0000000789700000)
 ParOldGen       total 109056K, used 17633K [0x00000006c0e00000, 0x00000006c7880000, 0x000000076af80000)
  object space 109056K, 16% used [0x00000006c0e00000,0x00000006c1f38798,0x00000006c7880000)
 Metaspace       used 33141K, capacity 35320K, committed 35416K, reserved 1079296K
  class space    used 4408K, capacity 4800K, committed 4864K, reserved 1048576K
Event: 6.530 GC heap after
Heap after GC invocations=9 (full 1):
 PSYoungGen      total 453120K, used 17651K [0x000000076af80000, 0x0000000788f00000, 0x00000007c0000000)
  eden space 435200K, 0% used [0x000000076af80000,0x000000076af80000,0x0000000785880000)
  from space 17920K, 98% used [0x0000000787d80000,0x0000000788ebcf10,0x0000000788f00000)
  to   space 26624K, 0% used [0x0000000785b00000,0x0000000785b00000,0x0000000787500000)
 ParOldGen       total 109056K, used 17641K [0x00000006c0e00000, 0x00000006c7880000, 0x000000076af80000)
  object space 109056K, 16% used [0x00000006c0e00000,0x00000006c1f3a798,0x00000006c7880000)
 Metaspace       used 33141K, capacity 35320K, committed 35416K, reserved 1079296K
  class space    used 4408K, capacity 4800K, committed 4864K, reserved 1048576K
}
Event: 6.530 GC heap before
{Heap before GC invocations=10 (full 2):
 PSYoungGen      total 453120K, used 17651K [0x000000076af80000, 0x0000000788f00000, 0x00000007c0000000)
  eden space 435200K, 0% used [0x000000076af80000,0x000000076af80000,0x0000000785880000)
  from space 17920K, 98% used [0x0000000787d80000,0x0000000788ebcf10,0x0000000788f00000)
  to   space 26624K, 0% used [0x0000000785b00000,0x0000000785b00000,0x0000000787500000)
 ParOldGen       total 109056K, used 17641K [0x00000006c0e00000, 0x00000006c7880000, 0x000000076af80000)
  object space 109056K, 16% used [0x00000006c0e00000,0x00000006c1f3a798,0x00000006c7880000)
 Metaspace       used 33141K, capacity 35320K, committed 35416K, reserved 1079296K
  class space    used 4408K, capacity 4800K, committed 4864K, reserved 1048576K
Event: 6.571 GC heap after
Heap after GC invocations=10 (full 2):
 PSYoungGen      total 453120K, used 0K [0x000000076af80000, 0x0000000788f00000, 0x00000007c0000000)
  eden space 435200K, 0% used [0x000000076af80000,0x000000076af80000,0x0000000785880000)
  from space 17920K, 0% used [0x0000000787d80000,0x0000000787d80000,0x0000000788f00000)
  to   space 26624K, 0% used [0x0000000785b00000,0x0000000785b00000,0x0000000787500000)
 ParOldGen       total 146432K, used 27456K [0x00000006c0e00000, 0x00000006c9d00000, 0x000000076af80000)
  object space 146432K, 18% used [0x00000006c0e00000,0x00000006c28d0268,0x00000006c9d00000)
 Metaspace       used 33141K, capacity 35320K, committed 35416K, reserved 1079296K
  class space    used 4408K, capacity 4800K, committed 4864K, reserved 1048576K
}
Event: 9.575 GC heap before
{Heap before GC invocations=11 (full 2):
 PSYoungGen      total 453120K, used 413446K [0x000000076af80000, 0x0000000788f00000, 0x00000007c0000000)
  eden space 435200K, 95% used [0x000000076af80000,0x0000000784341940,0x0000000785880000)
  from space 17920K, 0% used [0x0000000787d80000,0x0000000787d80000,0x0000000788f00000)
  to   space 26624K, 0% used [0x0000000785b00000,0x0000000785b00000,0x0000000787500000)
 ParOldGen       total 146432K, used 27456K [0x00000006c0e00000, 0x00000006c9d00000, 0x000000076af80000)
  object space 146432K, 18% used [0x00000006c0e00000,0x00000006c28d0268,0x00000006c9d00000)
 Metaspace       used 55957K, capacity 58756K, committed 59008K, reserved 1099776K
  class space    used 7712K, capacity 8240K, committed 8320K, reserved 1048576K
Event: 9.599 GC heap after
Heap after GC invocations=11 (full 2):
 PSYoungGen      total 464384K, used 26616K [0x000000076af80000, 0x0000000793680000, 0x00000007c0000000)
  eden space 437760K, 0% used [0x000000076af80000,0x000000076af80000,0x0000000785b00000)
  from space 26624K, 99% used [0x0000000785b00000,0x00000007874fe380,0x0000000787500000)
  to   space 32256K, 0% used [0x0000000791700000,0x0000000791700000,0x0000000793680000)
 ParOldGen       total 146432K, used 32020K [0x00000006c0e00000, 0x00000006c9d00000, 0x000000076af80000)
  object space 146432K, 21% used [0x00000006c0e00000,0x00000006c2d45058,0x00000006c9d00000)
 Metaspace       used 55957K, capacity 58756K, committed 59008K, reserved 1099776K
  class space    used 7712K, capacity 8240K, committed 8320K, reserved 1048576K
}
Event: 9.599 GC heap before
{Heap before GC invocations=12 (full 3):
 PSYoungGen      total 464384K, used 26616K [0x000000076af80000, 0x0000000793680000, 0x00000007c0000000)
  eden space 437760K, 0% used [0x000000076af80000,0x000000076af80000,0x0000000785b00000)
  from space 26624K, 99% used [0x0000000785b00000,0x00000007874fe380,0x0000000787500000)
  to   space 32256K, 0% used [0x0000000791700000,0x0000000791700000,0x0000000793680000)
 ParOldGen       total 146432K, used 32020K [0x00000006c0e00000, 0x00000006c9d00000, 0x000000076af80000)
  object space 146432K, 21% used [0x00000006c0e00000,0x00000006c2d45058,0x00000006c9d00000)
 Metaspace       used 55957K, capacity 58756K, committed 59008K, reserved 1099776K
  class space    used 7712K, capacity 8240K, committed 8320K, reserved 1048576K
Event: 9.711 GC heap after
Heap after GC invocations=12 (full 3):
 PSYoungGen      total 464384K, used 0K [0x000000076af80000, 0x0000000793680000, 0x00000007c0000000)
  eden space 437760K, 0% used [0x000000076af80000,0x000000076af80000,0x0000000785b00000)
  from space 26624K, 0% used [0x0000000785b00000,0x0000000785b00000,0x0000000787500000)
  to   space 32256K, 0% used [0x0000000791700000,0x0000000791700000,0x0000000793680000)
 ParOldGen       total 202240K, used 48219K [0x00000006c0e00000, 0x00000006cd380000, 0x000000076af80000)
  object space 202240K, 23% used [0x00000006c0e00000,0x00000006c3d16f38,0x00000006cd380000)
 Metaspace       used 55957K, capacity 58756K, committed 59008K, reserved 1099776K
  class space    used 7712K, capacity 8240K, committed 8320K, reserved 1048576K
}
Event: 11.514 GC heap before
{Heap before GC invocations=13 (full 3):
 PSYoungGen      total 464384K, used 437760K [0x000000076af80000, 0x0000000793680000, 0x00000007c0000000)
  eden space 437760K, 100% used [0x000000076af80000,0x0000000785b00000,0x0000000785b00000)
  from space 26624K, 0% used [0x0000000785b00000,0x0000000785b00000,0x0000000787500000)
  to   space 32256K, 0% used [0x0000000791700000,0x0000000791700000,0x0000000793680000)
 ParOldGen       total 202240K, used 48675K [0x00000006c0e00000, 0x00000006cd380000, 0x000000076af80000)
  object space 202240K, 24% used [0x00000006c0e00000,0x00000006c3d88e70,0x00000006cd380000)
 Metaspace       used 64969K, capacity 68854K, committed 69120K, reserved 1107968K
  class space    used 8948K, capacity 9607K, committed 9728K, reserved 1048576K
Event: 11.531 GC heap after
Heap after GC invocations=13 (full 3):
 PSYoungGen      total 584192K, used 28865K [0x000000076af80000, 0x0000000793380000, 0x00000007c0000000)
  eden space 555008K, 0% used [0x000000076af80000,0x000000076af80000,0x000000078cd80000)
  from space 29184K, 98% used [0x0000000791700000,0x0000000793330710,0x0000000793380000)
  to   space 35328K, 0% used [0x000000078ee80000,0x000000078ee80000,0x0000000791100000)
 ParOldGen       total 202240K, used 48683K [0x00000006c0e00000, 0x00000006cd380000, 0x000000076af80000)
  object space 202240K, 24% used [0x00000006c0e00000,0x00000006c3d8ae70,0x00000006cd380000)
 Metaspace       used 64969K, capacity 68854K, committed 69120K, reserved 1107968K
  class space    used 8948K, capacity 9607K, committed 9728K, reserved 1048576K
}

